2023-02-10 15:18:18,729 INFO    [offset_helper.py, 51] engery/max-distance: 5 engery/min-distance: 0
2023-02-10 15:18:18,729 INFO    [offset_helper.py, 58] direction/num_classes: 8 scale: 1
2023-02-10 15:18:18,729 INFO    [offset_helper.py, 65] c4 align axis: False
2023-02-10 15:18:19,013 INFO    [module_runner.py, 44] BN Type is torchbn.
2023-02-10 15:18:19,013 INFO    [__init__.py, 17] Using evaluator: StandardEvaluator
2023-02-10 15:18:20,197 INFO    [module_helper.py, 135] Loading pretrained model:./pretrained_model/hrnetv2_w48_imagenet_pretrained.pth
2023-02-10 15:18:23,062 INFO    [module_helper.py, 217] Missing keys: []
2023-02-10 15:18:23,154 INFO    [trainer.py, 75] HRNet_W48(
  (backbone): HighResolutionNet(
    (conv1): Conv2d(3, 64, kernel_size=(3, 3), stride=(2, 2), padding=(1, 1), bias=False)
    (bn1): BatchNorm2d(64, eps=1e-05, momentum=0.1, affine=True, track_running_stats=True)
    (conv2): Conv2d(64, 64, kernel_size=(3, 3), stride=(2, 2), padding=(1, 1), bias=False)
    (bn2): BatchNorm2d(64, eps=1e-05, momentum=0.1, affine=True, track_running_stats=True)
    (relu): ReLU()
    (layer1): Sequential(
      (0): Bottleneck(
        (conv1): Conv2d(64, 64, kernel_size=(1, 1), stride=(1, 1), bias=False)
        (bn1): BatchNorm2d(64, eps=1e-05, momentum=0.1, affine=True, track_running_stats=True)
        (conv2): Conv2d(64, 64, kernel_size=(3, 3), stride=(1, 1), padding=(1, 1), bias=False)
        (bn2): BatchNorm2d(64, eps=1e-05, momentum=0.1, affine=True, track_running_stats=True)
        (conv3): Conv2d(64, 256, kernel_size=(1, 1), stride=(1, 1), bias=False)
        (bn3): BatchNorm2d(256, eps=1e-05, momentum=0.1, affine=True, track_running_stats=True)
        (relu): ReLU()
        (relu_in): ReLU(inplace=True)
        (downsample): Sequential(
          (0): Conv2d(64, 256, kernel_size=(1, 1), stride=(1, 1), bias=False)
          (1): BatchNorm2d(256, eps=1e-05, momentum=0.1, affine=True, track_running_stats=True)
        )
      )
      (1): Bottleneck(
        (conv1): Conv2d(256, 64, kernel_size=(1, 1), stride=(1, 1), bias=False)
        (bn1): BatchNorm2d(64, eps=1e-05, momentum=0.1, affine=True, track_running_stats=True)
        (conv2): Conv2d(64, 64, kernel_size=(3, 3), stride=(1, 1), padding=(1, 1), bias=False)
        (bn2): BatchNorm2d(64, eps=1e-05, momentum=0.1, affine=True, track_running_stats=True)
        (conv3): Conv2d(64, 256, kernel_size=(1, 1), stride=(1, 1), bias=False)
        (bn3): BatchNorm2d(256, eps=1e-05, momentum=0.1, affine=True, track_running_stats=True)
        (relu): ReLU()
        (relu_in): ReLU(inplace=True)
      )
      (2): Bottleneck(
        (conv1): Conv2d(256, 64, kernel_size=(1, 1), stride=(1, 1), bias=False)
        (bn1): BatchNorm2d(64, eps=1e-05, momentum=0.1, affine=True, track_running_stats=True)
        (conv2): Conv2d(64, 64, kernel_size=(3, 3), stride=(1, 1), padding=(1, 1), bias=False)
        (bn2): BatchNorm2d(64, eps=1e-05, momentum=0.1, affine=True, track_running_stats=True)
        (conv3): Conv2d(64, 256, kernel_size=(1, 1), stride=(1, 1), bias=False)
        (bn3): BatchNorm2d(256, eps=1e-05, momentum=0.1, affine=True, track_running_stats=True)
        (relu): ReLU()
        (relu_in): ReLU(inplace=True)
      )
      (3): Bottleneck(
        (conv1): Conv2d(256, 64, kernel_size=(1, 1), stride=(1, 1), bias=False)
        (bn1): BatchNorm2d(64, eps=1e-05, momentum=0.1, affine=True, track_running_stats=True)
        (conv2): Conv2d(64, 64, kernel_size=(3, 3), stride=(1, 1), padding=(1, 1), bias=False)
        (bn2): BatchNorm2d(64, eps=1e-05, momentum=0.1, affine=True, track_running_stats=True)
        (conv3): Conv2d(64, 256, kernel_size=(1, 1), stride=(1, 1), bias=False)
        (bn3): BatchNorm2d(256, eps=1e-05, momentum=0.1, affine=True, track_running_stats=True)
        (relu): ReLU()
        (relu_in): ReLU(inplace=True)
      )
    )
    (transition1): ModuleList(
      (0): Sequential(
        (0): Conv2d(256, 48, kernel_size=(3, 3), stride=(1, 1), padding=(1, 1), bias=False)
        (1): BatchNorm2d(48, eps=1e-05, momentum=0.1, affine=True, track_running_stats=True)
        (2): ReLU()
      )
      (1): Sequential(
        (0): Sequential(
          (0): Conv2d(256, 96, kernel_size=(3, 3), stride=(2, 2), padding=(1, 1), bias=False)
          (1): BatchNorm2d(96, eps=1e-05, momentum=0.1, affine=True, track_running_stats=True)
          (2): ReLU()
        )
      )
    )
    (stage2): Sequential(
      (0): HighResolutionModule(
        (branches): ModuleList(
          (0): Sequential(
            (0): BasicBlock(
              (conv1): Conv2d(48, 48, kernel_size=(3, 3), stride=(1, 1), padding=(1, 1), bias=False)
              (bn1): BatchNorm2d(48, eps=1e-05, momentum=0.1, affine=True, track_running_stats=True)
              (relu): ReLU()
              (relu_in): ReLU(inplace=True)
              (conv2): Conv2d(48, 48, kernel_size=(3, 3), stride=(1, 1), padding=(1, 1), bias=False)
              (bn2): BatchNorm2d(48, eps=1e-05, momentum=0.1, affine=True, track_running_stats=True)
            )
            (1): BasicBlock(
              (conv1): Conv2d(48, 48, kernel_size=(3, 3), stride=(1, 1), padding=(1, 1), bias=False)
              (bn1): BatchNorm2d(48, eps=1e-05, momentum=0.1, affine=True, track_running_stats=True)
              (relu): ReLU()
              (relu_in): ReLU(inplace=True)
              (conv2): Conv2d(48, 48, kernel_size=(3, 3), stride=(1, 1), padding=(1, 1), bias=False)
              (bn2): BatchNorm2d(48, eps=1e-05, momentum=0.1, affine=True, track_running_stats=True)
            )
            (2): BasicBlock(
              (conv1): Conv2d(48, 48, kernel_size=(3, 3), stride=(1, 1), padding=(1, 1), bias=False)
              (bn1): BatchNorm2d(48, eps=1e-05, momentum=0.1, affine=True, track_running_stats=True)
              (relu): ReLU()
              (relu_in): ReLU(inplace=True)
              (conv2): Conv2d(48, 48, kernel_size=(3, 3), stride=(1, 1), padding=(1, 1), bias=False)
              (bn2): BatchNorm2d(48, eps=1e-05, momentum=0.1, affine=True, track_running_stats=True)
            )
            (3): BasicBlock(
              (conv1): Conv2d(48, 48, kernel_size=(3, 3), stride=(1, 1), padding=(1, 1), bias=False)
              (bn1): BatchNorm2d(48, eps=1e-05, momentum=0.1, affine=True, track_running_stats=True)
              (relu): ReLU()
              (relu_in): ReLU(inplace=True)
              (conv2): Conv2d(48, 48, kernel_size=(3, 3), stride=(1, 1), padding=(1, 1), bias=False)
              (bn2): BatchNorm2d(48, eps=1e-05, momentum=0.1, affine=True, track_running_stats=True)
            )
          )
          (1): Sequential(
            (0): BasicBlock(
              (conv1): Conv2d(96, 96, kernel_size=(3, 3), stride=(1, 1), padding=(1, 1), bias=False)
              (bn1): BatchNorm2d(96, eps=1e-05, momentum=0.1, affine=True, track_running_stats=True)
              (relu): ReLU()
              (relu_in): ReLU(inplace=True)
              (conv2): Conv2d(96, 96, kernel_size=(3, 3), stride=(1, 1), padding=(1, 1), bias=False)
              (bn2): BatchNorm2d(96, eps=1e-05, momentum=0.1, affine=True, track_running_stats=True)
            )
            (1): BasicBlock(
              (conv1): Conv2d(96, 96, kernel_size=(3, 3), stride=(1, 1), padding=(1, 1), bias=False)
              (bn1): BatchNorm2d(96, eps=1e-05, momentum=0.1, affine=True, track_running_stats=True)
              (relu): ReLU()
              (relu_in): ReLU(inplace=True)
              (conv2): Conv2d(96, 96, kernel_size=(3, 3), stride=(1, 1), padding=(1, 1), bias=False)
              (bn2): BatchNorm2d(96, eps=1e-05, momentum=0.1, affine=True, track_running_stats=True)
            )
            (2): BasicBlock(
              (conv1): Conv2d(96, 96, kernel_size=(3, 3), stride=(1, 1), padding=(1, 1), bias=False)
              (bn1): BatchNorm2d(96, eps=1e-05, momentum=0.1, affine=True, track_running_stats=True)
              (relu): ReLU()
              (relu_in): ReLU(inplace=True)
              (conv2): Conv2d(96, 96, kernel_size=(3, 3), stride=(1, 1), padding=(1, 1), bias=False)
              (bn2): BatchNorm2d(96, eps=1e-05, momentum=0.1, affine=True, track_running_stats=True)
            )
            (3): BasicBlock(
              (conv1): Conv2d(96, 96, kernel_size=(3, 3), stride=(1, 1), padding=(1, 1), bias=False)
              (bn1): BatchNorm2d(96, eps=1e-05, momentum=0.1, affine=True, track_running_stats=True)
              (relu): ReLU()
              (relu_in): ReLU(inplace=True)
              (conv2): Conv2d(96, 96, kernel_size=(3, 3), stride=(1, 1), padding=(1, 1), bias=False)
              (bn2): BatchNorm2d(96, eps=1e-05, momentum=0.1, affine=True, track_running_stats=True)
            )
          )
        )
        (fuse_layers): ModuleList(
          (0): ModuleList(
            (0): None
            (1): Sequential(
              (0): Conv2d(96, 48, kernel_size=(1, 1), stride=(1, 1), bias=False)
              (1): BatchNorm2d(48, eps=1e-05, momentum=0.1, affine=True, track_running_stats=True)
            )
          )
          (1): ModuleList(
            (0): Sequential(
              (0): Sequential(
                (0): Conv2d(48, 96, kernel_size=(3, 3), stride=(2, 2), padding=(1, 1), bias=False)
                (1): BatchNorm2d(96, eps=1e-05, momentum=0.1, affine=True, track_running_stats=True)
              )
            )
            (1): None
          )
        )
        (relu): ReLU()
      )
    )
    (transition2): ModuleList(
      (0): None
      (1): None
      (2): Sequential(
        (0): Sequential(
          (0): Conv2d(96, 192, kernel_size=(3, 3), stride=(2, 2), padding=(1, 1), bias=False)
          (1): BatchNorm2d(192, eps=1e-05, momentum=0.1, affine=True, track_running_stats=True)
          (2): ReLU()
        )
      )
    )
    (stage3): Sequential(
      (0): HighResolutionModule(
        (branches): ModuleList(
          (0): Sequential(
            (0): BasicBlock(
              (conv1): Conv2d(48, 48, kernel_size=(3, 3), stride=(1, 1), padding=(1, 1), bias=False)
              (bn1): BatchNorm2d(48, eps=1e-05, momentum=0.1, affine=True, track_running_stats=True)
              (relu): ReLU()
              (relu_in): ReLU(inplace=True)
              (conv2): Conv2d(48, 48, kernel_size=(3, 3), stride=(1, 1), padding=(1, 1), bias=False)
              (bn2): BatchNorm2d(48, eps=1e-05, momentum=0.1, affine=True, track_running_stats=True)
            )
            (1): BasicBlock(
              (conv1): Conv2d(48, 48, kernel_size=(3, 3), stride=(1, 1), padding=(1, 1), bias=False)
              (bn1): BatchNorm2d(48, eps=1e-05, momentum=0.1, affine=True, track_running_stats=True)
              (relu): ReLU()
              (relu_in): ReLU(inplace=True)
              (conv2): Conv2d(48, 48, kernel_size=(3, 3), stride=(1, 1), padding=(1, 1), bias=False)
              (bn2): BatchNorm2d(48, eps=1e-05, momentum=0.1, affine=True, track_running_stats=True)
            )
            (2): BasicBlock(
              (conv1): Conv2d(48, 48, kernel_size=(3, 3), stride=(1, 1), padding=(1, 1), bias=False)
              (bn1): BatchNorm2d(48, eps=1e-05, momentum=0.1, affine=True, track_running_stats=True)
              (relu): ReLU()
              (relu_in): ReLU(inplace=True)
              (conv2): Conv2d(48, 48, kernel_size=(3, 3), stride=(1, 1), padding=(1, 1), bias=False)
              (bn2): BatchNorm2d(48, eps=1e-05, momentum=0.1, affine=True, track_running_stats=True)
            )
            (3): BasicBlock(
              (conv1): Conv2d(48, 48, kernel_size=(3, 3), stride=(1, 1), padding=(1, 1), bias=False)
              (bn1): BatchNorm2d(48, eps=1e-05, momentum=0.1, affine=True, track_running_stats=True)
              (relu): ReLU()
              (relu_in): ReLU(inplace=True)
              (conv2): Conv2d(48, 48, kernel_size=(3, 3), stride=(1, 1), padding=(1, 1), bias=False)
              (bn2): BatchNorm2d(48, eps=1e-05, momentum=0.1, affine=True, track_running_stats=True)
            )
          )
          (1): Sequential(
            (0): BasicBlock(
              (conv1): Conv2d(96, 96, kernel_size=(3, 3), stride=(1, 1), padding=(1, 1), bias=False)
              (bn1): BatchNorm2d(96, eps=1e-05, momentum=0.1, affine=True, track_running_stats=True)
              (relu): ReLU()
              (relu_in): ReLU(inplace=True)
              (conv2): Conv2d(96, 96, kernel_size=(3, 3), stride=(1, 1), padding=(1, 1), bias=False)
              (bn2): BatchNorm2d(96, eps=1e-05, momentum=0.1, affine=True, track_running_stats=True)
            )
            (1): BasicBlock(
              (conv1): Conv2d(96, 96, kernel_size=(3, 3), stride=(1, 1), padding=(1, 1), bias=False)
              (bn1): BatchNorm2d(96, eps=1e-05, momentum=0.1, affine=True, track_running_stats=True)
              (relu): ReLU()
              (relu_in): ReLU(inplace=True)
              (conv2): Conv2d(96, 96, kernel_size=(3, 3), stride=(1, 1), padding=(1, 1), bias=False)
              (bn2): BatchNorm2d(96, eps=1e-05, momentum=0.1, affine=True, track_running_stats=True)
            )
            (2): BasicBlock(
              (conv1): Conv2d(96, 96, kernel_size=(3, 3), stride=(1, 1), padding=(1, 1), bias=False)
              (bn1): BatchNorm2d(96, eps=1e-05, momentum=0.1, affine=True, track_running_stats=True)
              (relu): ReLU()
              (relu_in): ReLU(inplace=True)
              (conv2): Conv2d(96, 96, kernel_size=(3, 3), stride=(1, 1), padding=(1, 1), bias=False)
              (bn2): BatchNorm2d(96, eps=1e-05, momentum=0.1, affine=True, track_running_stats=True)
            )
            (3): BasicBlock(
              (conv1): Conv2d(96, 96, kernel_size=(3, 3), stride=(1, 1), padding=(1, 1), bias=False)
              (bn1): BatchNorm2d(96, eps=1e-05, momentum=0.1, affine=True, track_running_stats=True)
              (relu): ReLU()
              (relu_in): ReLU(inplace=True)
              (conv2): Conv2d(96, 96, kernel_size=(3, 3), stride=(1, 1), padding=(1, 1), bias=False)
              (bn2): BatchNorm2d(96, eps=1e-05, momentum=0.1, affine=True, track_running_stats=True)
            )
          )
          (2): Sequential(
            (0): BasicBlock(
              (conv1): Conv2d(192, 192, kernel_size=(3, 3), stride=(1, 1), padding=(1, 1), bias=False)
              (bn1): BatchNorm2d(192, eps=1e-05, momentum=0.1, affine=True, track_running_stats=True)
              (relu): ReLU()
              (relu_in): ReLU(inplace=True)
              (conv2): Conv2d(192, 192, kernel_size=(3, 3), stride=(1, 1), padding=(1, 1), bias=False)
              (bn2): BatchNorm2d(192, eps=1e-05, momentum=0.1, affine=True, track_running_stats=True)
            )
            (1): BasicBlock(
              (conv1): Conv2d(192, 192, kernel_size=(3, 3), stride=(1, 1), padding=(1, 1), bias=False)
              (bn1): BatchNorm2d(192, eps=1e-05, momentum=0.1, affine=True, track_running_stats=True)
              (relu): ReLU()
              (relu_in): ReLU(inplace=True)
              (conv2): Conv2d(192, 192, kernel_size=(3, 3), stride=(1, 1), padding=(1, 1), bias=False)
              (bn2): BatchNorm2d(192, eps=1e-05, momentum=0.1, affine=True, track_running_stats=True)
            )
            (2): BasicBlock(
              (conv1): Conv2d(192, 192, kernel_size=(3, 3), stride=(1, 1), padding=(1, 1), bias=False)
              (bn1): BatchNorm2d(192, eps=1e-05, momentum=0.1, affine=True, track_running_stats=True)
              (relu): ReLU()
              (relu_in): ReLU(inplace=True)
              (conv2): Conv2d(192, 192, kernel_size=(3, 3), stride=(1, 1), padding=(1, 1), bias=False)
              (bn2): BatchNorm2d(192, eps=1e-05, momentum=0.1, affine=True, track_running_stats=True)
            )
            (3): BasicBlock(
              (conv1): Conv2d(192, 192, kernel_size=(3, 3), stride=(1, 1), padding=(1, 1), bias=False)
              (bn1): BatchNorm2d(192, eps=1e-05, momentum=0.1, affine=True, track_running_stats=True)
              (relu): ReLU()
              (relu_in): ReLU(inplace=True)
              (conv2): Conv2d(192, 192, kernel_size=(3, 3), stride=(1, 1), padding=(1, 1), bias=False)
              (bn2): BatchNorm2d(192, eps=1e-05, momentum=0.1, affine=True, track_running_stats=True)
            )
          )
        )
        (fuse_layers): ModuleList(
          (0): ModuleList(
            (0): None
            (1): Sequential(
              (0): Conv2d(96, 48, kernel_size=(1, 1), stride=(1, 1), bias=False)
              (1): BatchNorm2d(48, eps=1e-05, momentum=0.1, affine=True, track_running_stats=True)
            )
            (2): Sequential(
              (0): Conv2d(192, 48, kernel_size=(1, 1), stride=(1, 1), bias=False)
              (1): BatchNorm2d(48, eps=1e-05, momentum=0.1, affine=True, track_running_stats=True)
            )
          )
          (1): ModuleList(
            (0): Sequential(
              (0): Sequential(
                (0): Conv2d(48, 96, kernel_size=(3, 3), stride=(2, 2), padding=(1, 1), bias=False)
                (1): BatchNorm2d(96, eps=1e-05, momentum=0.1, affine=True, track_running_stats=True)
              )
            )
            (1): None
            (2): Sequential(
              (0): Conv2d(192, 96, kernel_size=(1, 1), stride=(1, 1), bias=False)
              (1): BatchNorm2d(96, eps=1e-05, momentum=0.1, affine=True, track_running_stats=True)
            )
          )
          (2): ModuleList(
            (0): Sequential(
              (0): Sequential(
                (0): Conv2d(48, 48, kernel_size=(3, 3), stride=(2, 2), padding=(1, 1), bias=False)
                (1): BatchNorm2d(48, eps=1e-05, momentum=0.1, affine=True, track_running_stats=True)
                (2): ReLU()
              )
              (1): Sequential(
                (0): Conv2d(48, 192, kernel_size=(3, 3), stride=(2, 2), padding=(1, 1), bias=False)
                (1): BatchNorm2d(192, eps=1e-05, momentum=0.1, affine=True, track_running_stats=True)
              )
            )
            (1): Sequential(
              (0): Sequential(
                (0): Conv2d(96, 192, kernel_size=(3, 3), stride=(2, 2), padding=(1, 1), bias=False)
                (1): BatchNorm2d(192, eps=1e-05, momentum=0.1, affine=True, track_running_stats=True)
              )
            )
            (2): None
          )
        )
        (relu): ReLU()
      )
      (1): HighResolutionModule(
        (branches): ModuleList(
          (0): Sequential(
            (0): BasicBlock(
              (conv1): Conv2d(48, 48, kernel_size=(3, 3), stride=(1, 1), padding=(1, 1), bias=False)
              (bn1): BatchNorm2d(48, eps=1e-05, momentum=0.1, affine=True, track_running_stats=True)
              (relu): ReLU()
              (relu_in): ReLU(inplace=True)
              (conv2): Conv2d(48, 48, kernel_size=(3, 3), stride=(1, 1), padding=(1, 1), bias=False)
              (bn2): BatchNorm2d(48, eps=1e-05, momentum=0.1, affine=True, track_running_stats=True)
            )
            (1): BasicBlock(
              (conv1): Conv2d(48, 48, kernel_size=(3, 3), stride=(1, 1), padding=(1, 1), bias=False)
              (bn1): BatchNorm2d(48, eps=1e-05, momentum=0.1, affine=True, track_running_stats=True)
              (relu): ReLU()
              (relu_in): ReLU(inplace=True)
              (conv2): Conv2d(48, 48, kernel_size=(3, 3), stride=(1, 1), padding=(1, 1), bias=False)
              (bn2): BatchNorm2d(48, eps=1e-05, momentum=0.1, affine=True, track_running_stats=True)
            )
            (2): BasicBlock(
              (conv1): Conv2d(48, 48, kernel_size=(3, 3), stride=(1, 1), padding=(1, 1), bias=False)
              (bn1): BatchNorm2d(48, eps=1e-05, momentum=0.1, affine=True, track_running_stats=True)
              (relu): ReLU()
              (relu_in): ReLU(inplace=True)
              (conv2): Conv2d(48, 48, kernel_size=(3, 3), stride=(1, 1), padding=(1, 1), bias=False)
              (bn2): BatchNorm2d(48, eps=1e-05, momentum=0.1, affine=True, track_running_stats=True)
            )
            (3): BasicBlock(
              (conv1): Conv2d(48, 48, kernel_size=(3, 3), stride=(1, 1), padding=(1, 1), bias=False)
              (bn1): BatchNorm2d(48, eps=1e-05, momentum=0.1, affine=True, track_running_stats=True)
              (relu): ReLU()
              (relu_in): ReLU(inplace=True)
              (conv2): Conv2d(48, 48, kernel_size=(3, 3), stride=(1, 1), padding=(1, 1), bias=False)
              (bn2): BatchNorm2d(48, eps=1e-05, momentum=0.1, affine=True, track_running_stats=True)
            )
          )
          (1): Sequential(
            (0): BasicBlock(
              (conv1): Conv2d(96, 96, kernel_size=(3, 3), stride=(1, 1), padding=(1, 1), bias=False)
              (bn1): BatchNorm2d(96, eps=1e-05, momentum=0.1, affine=True, track_running_stats=True)
              (relu): ReLU()
              (relu_in): ReLU(inplace=True)
              (conv2): Conv2d(96, 96, kernel_size=(3, 3), stride=(1, 1), padding=(1, 1), bias=False)
              (bn2): BatchNorm2d(96, eps=1e-05, momentum=0.1, affine=True, track_running_stats=True)
            )
            (1): BasicBlock(
              (conv1): Conv2d(96, 96, kernel_size=(3, 3), stride=(1, 1), padding=(1, 1), bias=False)
              (bn1): BatchNorm2d(96, eps=1e-05, momentum=0.1, affine=True, track_running_stats=True)
              (relu): ReLU()
              (relu_in): ReLU(inplace=True)
              (conv2): Conv2d(96, 96, kernel_size=(3, 3), stride=(1, 1), padding=(1, 1), bias=False)
              (bn2): BatchNorm2d(96, eps=1e-05, momentum=0.1, affine=True, track_running_stats=True)
            )
            (2): BasicBlock(
              (conv1): Conv2d(96, 96, kernel_size=(3, 3), stride=(1, 1), padding=(1, 1), bias=False)
              (bn1): BatchNorm2d(96, eps=1e-05, momentum=0.1, affine=True, track_running_stats=True)
              (relu): ReLU()
              (relu_in): ReLU(inplace=True)
              (conv2): Conv2d(96, 96, kernel_size=(3, 3), stride=(1, 1), padding=(1, 1), bias=False)
              (bn2): BatchNorm2d(96, eps=1e-05, momentum=0.1, affine=True, track_running_stats=True)
            )
            (3): BasicBlock(
              (conv1): Conv2d(96, 96, kernel_size=(3, 3), stride=(1, 1), padding=(1, 1), bias=False)
              (bn1): BatchNorm2d(96, eps=1e-05, momentum=0.1, affine=True, track_running_stats=True)
              (relu): ReLU()
              (relu_in): ReLU(inplace=True)
              (conv2): Conv2d(96, 96, kernel_size=(3, 3), stride=(1, 1), padding=(1, 1), bias=False)
              (bn2): BatchNorm2d(96, eps=1e-05, momentum=0.1, affine=True, track_running_stats=True)
            )
          )
          (2): Sequential(
            (0): BasicBlock(
              (conv1): Conv2d(192, 192, kernel_size=(3, 3), stride=(1, 1), padding=(1, 1), bias=False)
              (bn1): BatchNorm2d(192, eps=1e-05, momentum=0.1, affine=True, track_running_stats=True)
              (relu): ReLU()
              (relu_in): ReLU(inplace=True)
              (conv2): Conv2d(192, 192, kernel_size=(3, 3), stride=(1, 1), padding=(1, 1), bias=False)
              (bn2): BatchNorm2d(192, eps=1e-05, momentum=0.1, affine=True, track_running_stats=True)
            )
            (1): BasicBlock(
              (conv1): Conv2d(192, 192, kernel_size=(3, 3), stride=(1, 1), padding=(1, 1), bias=False)
              (bn1): BatchNorm2d(192, eps=1e-05, momentum=0.1, affine=True, track_running_stats=True)
              (relu): ReLU()
              (relu_in): ReLU(inplace=True)
              (conv2): Conv2d(192, 192, kernel_size=(3, 3), stride=(1, 1), padding=(1, 1), bias=False)
              (bn2): BatchNorm2d(192, eps=1e-05, momentum=0.1, affine=True, track_running_stats=True)
            )
            (2): BasicBlock(
              (conv1): Conv2d(192, 192, kernel_size=(3, 3), stride=(1, 1), padding=(1, 1), bias=False)
              (bn1): BatchNorm2d(192, eps=1e-05, momentum=0.1, affine=True, track_running_stats=True)
              (relu): ReLU()
              (relu_in): ReLU(inplace=True)
              (conv2): Conv2d(192, 192, kernel_size=(3, 3), stride=(1, 1), padding=(1, 1), bias=False)
              (bn2): BatchNorm2d(192, eps=1e-05, momentum=0.1, affine=True, track_running_stats=True)
            )
            (3): BasicBlock(
              (conv1): Conv2d(192, 192, kernel_size=(3, 3), stride=(1, 1), padding=(1, 1), bias=False)
              (bn1): BatchNorm2d(192, eps=1e-05, momentum=0.1, affine=True, track_running_stats=True)
              (relu): ReLU()
              (relu_in): ReLU(inplace=True)
              (conv2): Conv2d(192, 192, kernel_size=(3, 3), stride=(1, 1), padding=(1, 1), bias=False)
              (bn2): BatchNorm2d(192, eps=1e-05, momentum=0.1, affine=True, track_running_stats=True)
            )
          )
        )
        (fuse_layers): ModuleList(
          (0): ModuleList(
            (0): None
            (1): Sequential(
              (0): Conv2d(96, 48, kernel_size=(1, 1), stride=(1, 1), bias=False)
              (1): BatchNorm2d(48, eps=1e-05, momentum=0.1, affine=True, track_running_stats=True)
            )
            (2): Sequential(
              (0): Conv2d(192, 48, kernel_size=(1, 1), stride=(1, 1), bias=False)
              (1): BatchNorm2d(48, eps=1e-05, momentum=0.1, affine=True, track_running_stats=True)
            )
          )
          (1): ModuleList(
            (0): Sequential(
              (0): Sequential(
                (0): Conv2d(48, 96, kernel_size=(3, 3), stride=(2, 2), padding=(1, 1), bias=False)
                (1): BatchNorm2d(96, eps=1e-05, momentum=0.1, affine=True, track_running_stats=True)
              )
            )
            (1): None
            (2): Sequential(
              (0): Conv2d(192, 96, kernel_size=(1, 1), stride=(1, 1), bias=False)
              (1): BatchNorm2d(96, eps=1e-05, momentum=0.1, affine=True, track_running_stats=True)
            )
          )
          (2): ModuleList(
            (0): Sequential(
              (0): Sequential(
                (0): Conv2d(48, 48, kernel_size=(3, 3), stride=(2, 2), padding=(1, 1), bias=False)
                (1): BatchNorm2d(48, eps=1e-05, momentum=0.1, affine=True, track_running_stats=True)
                (2): ReLU()
              )
              (1): Sequential(
                (0): Conv2d(48, 192, kernel_size=(3, 3), stride=(2, 2), padding=(1, 1), bias=False)
                (1): BatchNorm2d(192, eps=1e-05, momentum=0.1, affine=True, track_running_stats=True)
              )
            )
            (1): Sequential(
              (0): Sequential(
                (0): Conv2d(96, 192, kernel_size=(3, 3), stride=(2, 2), padding=(1, 1), bias=False)
                (1): BatchNorm2d(192, eps=1e-05, momentum=0.1, affine=True, track_running_stats=True)
              )
            )
            (2): None
          )
        )
        (relu): ReLU()
      )
      (2): HighResolutionModule(
        (branches): ModuleList(
          (0): Sequential(
            (0): BasicBlock(
              (conv1): Conv2d(48, 48, kernel_size=(3, 3), stride=(1, 1), padding=(1, 1), bias=False)
              (bn1): BatchNorm2d(48, eps=1e-05, momentum=0.1, affine=True, track_running_stats=True)
              (relu): ReLU()
              (relu_in): ReLU(inplace=True)
              (conv2): Conv2d(48, 48, kernel_size=(3, 3), stride=(1, 1), padding=(1, 1), bias=False)
              (bn2): BatchNorm2d(48, eps=1e-05, momentum=0.1, affine=True, track_running_stats=True)
            )
            (1): BasicBlock(
              (conv1): Conv2d(48, 48, kernel_size=(3, 3), stride=(1, 1), padding=(1, 1), bias=False)
              (bn1): BatchNorm2d(48, eps=1e-05, momentum=0.1, affine=True, track_running_stats=True)
              (relu): ReLU()
              (relu_in): ReLU(inplace=True)
              (conv2): Conv2d(48, 48, kernel_size=(3, 3), stride=(1, 1), padding=(1, 1), bias=False)
              (bn2): BatchNorm2d(48, eps=1e-05, momentum=0.1, affine=True, track_running_stats=True)
            )
            (2): BasicBlock(
              (conv1): Conv2d(48, 48, kernel_size=(3, 3), stride=(1, 1), padding=(1, 1), bias=False)
              (bn1): BatchNorm2d(48, eps=1e-05, momentum=0.1, affine=True, track_running_stats=True)
              (relu): ReLU()
              (relu_in): ReLU(inplace=True)
              (conv2): Conv2d(48, 48, kernel_size=(3, 3), stride=(1, 1), padding=(1, 1), bias=False)
              (bn2): BatchNorm2d(48, eps=1e-05, momentum=0.1, affine=True, track_running_stats=True)
            )
            (3): BasicBlock(
              (conv1): Conv2d(48, 48, kernel_size=(3, 3), stride=(1, 1), padding=(1, 1), bias=False)
              (bn1): BatchNorm2d(48, eps=1e-05, momentum=0.1, affine=True, track_running_stats=True)
              (relu): ReLU()
              (relu_in): ReLU(inplace=True)
              (conv2): Conv2d(48, 48, kernel_size=(3, 3), stride=(1, 1), padding=(1, 1), bias=False)
              (bn2): BatchNorm2d(48, eps=1e-05, momentum=0.1, affine=True, track_running_stats=True)
            )
          )
          (1): Sequential(
            (0): BasicBlock(
              (conv1): Conv2d(96, 96, kernel_size=(3, 3), stride=(1, 1), padding=(1, 1), bias=False)
              (bn1): BatchNorm2d(96, eps=1e-05, momentum=0.1, affine=True, track_running_stats=True)
              (relu): ReLU()
              (relu_in): ReLU(inplace=True)
              (conv2): Conv2d(96, 96, kernel_size=(3, 3), stride=(1, 1), padding=(1, 1), bias=False)
              (bn2): BatchNorm2d(96, eps=1e-05, momentum=0.1, affine=True, track_running_stats=True)
            )
            (1): BasicBlock(
              (conv1): Conv2d(96, 96, kernel_size=(3, 3), stride=(1, 1), padding=(1, 1), bias=False)
              (bn1): BatchNorm2d(96, eps=1e-05, momentum=0.1, affine=True, track_running_stats=True)
              (relu): ReLU()
              (relu_in): ReLU(inplace=True)
              (conv2): Conv2d(96, 96, kernel_size=(3, 3), stride=(1, 1), padding=(1, 1), bias=False)
              (bn2): BatchNorm2d(96, eps=1e-05, momentum=0.1, affine=True, track_running_stats=True)
            )
            (2): BasicBlock(
              (conv1): Conv2d(96, 96, kernel_size=(3, 3), stride=(1, 1), padding=(1, 1), bias=False)
              (bn1): BatchNorm2d(96, eps=1e-05, momentum=0.1, affine=True, track_running_stats=True)
              (relu): ReLU()
              (relu_in): ReLU(inplace=True)
              (conv2): Conv2d(96, 96, kernel_size=(3, 3), stride=(1, 1), padding=(1, 1), bias=False)
              (bn2): BatchNorm2d(96, eps=1e-05, momentum=0.1, affine=True, track_running_stats=True)
            )
            (3): BasicBlock(
              (conv1): Conv2d(96, 96, kernel_size=(3, 3), stride=(1, 1), padding=(1, 1), bias=False)
              (bn1): BatchNorm2d(96, eps=1e-05, momentum=0.1, affine=True, track_running_stats=True)
              (relu): ReLU()
              (relu_in): ReLU(inplace=True)
              (conv2): Conv2d(96, 96, kernel_size=(3, 3), stride=(1, 1), padding=(1, 1), bias=False)
              (bn2): BatchNorm2d(96, eps=1e-05, momentum=0.1, affine=True, track_running_stats=True)
            )
          )
          (2): Sequential(
            (0): BasicBlock(
              (conv1): Conv2d(192, 192, kernel_size=(3, 3), stride=(1, 1), padding=(1, 1), bias=False)
              (bn1): BatchNorm2d(192, eps=1e-05, momentum=0.1, affine=True, track_running_stats=True)
              (relu): ReLU()
              (relu_in): ReLU(inplace=True)
              (conv2): Conv2d(192, 192, kernel_size=(3, 3), stride=(1, 1), padding=(1, 1), bias=False)
              (bn2): BatchNorm2d(192, eps=1e-05, momentum=0.1, affine=True, track_running_stats=True)
            )
            (1): BasicBlock(
              (conv1): Conv2d(192, 192, kernel_size=(3, 3), stride=(1, 1), padding=(1, 1), bias=False)
              (bn1): BatchNorm2d(192, eps=1e-05, momentum=0.1, affine=True, track_running_stats=True)
              (relu): ReLU()
              (relu_in): ReLU(inplace=True)
              (conv2): Conv2d(192, 192, kernel_size=(3, 3), stride=(1, 1), padding=(1, 1), bias=False)
              (bn2): BatchNorm2d(192, eps=1e-05, momentum=0.1, affine=True, track_running_stats=True)
            )
            (2): BasicBlock(
              (conv1): Conv2d(192, 192, kernel_size=(3, 3), stride=(1, 1), padding=(1, 1), bias=False)
              (bn1): BatchNorm2d(192, eps=1e-05, momentum=0.1, affine=True, track_running_stats=True)
              (relu): ReLU()
              (relu_in): ReLU(inplace=True)
              (conv2): Conv2d(192, 192, kernel_size=(3, 3), stride=(1, 1), padding=(1, 1), bias=False)
              (bn2): BatchNorm2d(192, eps=1e-05, momentum=0.1, affine=True, track_running_stats=True)
            )
            (3): BasicBlock(
              (conv1): Conv2d(192, 192, kernel_size=(3, 3), stride=(1, 1), padding=(1, 1), bias=False)
              (bn1): BatchNorm2d(192, eps=1e-05, momentum=0.1, affine=True, track_running_stats=True)
              (relu): ReLU()
              (relu_in): ReLU(inplace=True)
              (conv2): Conv2d(192, 192, kernel_size=(3, 3), stride=(1, 1), padding=(1, 1), bias=False)
              (bn2): BatchNorm2d(192, eps=1e-05, momentum=0.1, affine=True, track_running_stats=True)
            )
          )
        )
        (fuse_layers): ModuleList(
          (0): ModuleList(
            (0): None
            (1): Sequential(
              (0): Conv2d(96, 48, kernel_size=(1, 1), stride=(1, 1), bias=False)
              (1): BatchNorm2d(48, eps=1e-05, momentum=0.1, affine=True, track_running_stats=True)
            )
            (2): Sequential(
              (0): Conv2d(192, 48, kernel_size=(1, 1), stride=(1, 1), bias=False)
              (1): BatchNorm2d(48, eps=1e-05, momentum=0.1, affine=True, track_running_stats=True)
            )
          )
          (1): ModuleList(
            (0): Sequential(
              (0): Sequential(
                (0): Conv2d(48, 96, kernel_size=(3, 3), stride=(2, 2), padding=(1, 1), bias=False)
                (1): BatchNorm2d(96, eps=1e-05, momentum=0.1, affine=True, track_running_stats=True)
              )
            )
            (1): None
            (2): Sequential(
              (0): Conv2d(192, 96, kernel_size=(1, 1), stride=(1, 1), bias=False)
              (1): BatchNorm2d(96, eps=1e-05, momentum=0.1, affine=True, track_running_stats=True)
            )
          )
          (2): ModuleList(
            (0): Sequential(
              (0): Sequential(
                (0): Conv2d(48, 48, kernel_size=(3, 3), stride=(2, 2), padding=(1, 1), bias=False)
                (1): BatchNorm2d(48, eps=1e-05, momentum=0.1, affine=True, track_running_stats=True)
                (2): ReLU()
              )
              (1): Sequential(
                (0): Conv2d(48, 192, kernel_size=(3, 3), stride=(2, 2), padding=(1, 1), bias=False)
                (1): BatchNorm2d(192, eps=1e-05, momentum=0.1, affine=True, track_running_stats=True)
              )
            )
            (1): Sequential(
              (0): Sequential(
                (0): Conv2d(96, 192, kernel_size=(3, 3), stride=(2, 2), padding=(1, 1), bias=False)
                (1): BatchNorm2d(192, eps=1e-05, momentum=0.1, affine=True, track_running_stats=True)
              )
            )
            (2): None
          )
        )
        (relu): ReLU()
      )
      (3): HighResolutionModule(
        (branches): ModuleList(
          (0): Sequential(
            (0): BasicBlock(
              (conv1): Conv2d(48, 48, kernel_size=(3, 3), stride=(1, 1), padding=(1, 1), bias=False)
              (bn1): BatchNorm2d(48, eps=1e-05, momentum=0.1, affine=True, track_running_stats=True)
              (relu): ReLU()
              (relu_in): ReLU(inplace=True)
              (conv2): Conv2d(48, 48, kernel_size=(3, 3), stride=(1, 1), padding=(1, 1), bias=False)
              (bn2): BatchNorm2d(48, eps=1e-05, momentum=0.1, affine=True, track_running_stats=True)
            )
            (1): BasicBlock(
              (conv1): Conv2d(48, 48, kernel_size=(3, 3), stride=(1, 1), padding=(1, 1), bias=False)
              (bn1): BatchNorm2d(48, eps=1e-05, momentum=0.1, affine=True, track_running_stats=True)
              (relu): ReLU()
              (relu_in): ReLU(inplace=True)
              (conv2): Conv2d(48, 48, kernel_size=(3, 3), stride=(1, 1), padding=(1, 1), bias=False)
              (bn2): BatchNorm2d(48, eps=1e-05, momentum=0.1, affine=True, track_running_stats=True)
            )
            (2): BasicBlock(
              (conv1): Conv2d(48, 48, kernel_size=(3, 3), stride=(1, 1), padding=(1, 1), bias=False)
              (bn1): BatchNorm2d(48, eps=1e-05, momentum=0.1, affine=True, track_running_stats=True)
              (relu): ReLU()
              (relu_in): ReLU(inplace=True)
              (conv2): Conv2d(48, 48, kernel_size=(3, 3), stride=(1, 1), padding=(1, 1), bias=False)
              (bn2): BatchNorm2d(48, eps=1e-05, momentum=0.1, affine=True, track_running_stats=True)
            )
            (3): BasicBlock(
              (conv1): Conv2d(48, 48, kernel_size=(3, 3), stride=(1, 1), padding=(1, 1), bias=False)
              (bn1): BatchNorm2d(48, eps=1e-05, momentum=0.1, affine=True, track_running_stats=True)
              (relu): ReLU()
              (relu_in): ReLU(inplace=True)
              (conv2): Conv2d(48, 48, kernel_size=(3, 3), stride=(1, 1), padding=(1, 1), bias=False)
              (bn2): BatchNorm2d(48, eps=1e-05, momentum=0.1, affine=True, track_running_stats=True)
            )
          )
          (1): Sequential(
            (0): BasicBlock(
              (conv1): Conv2d(96, 96, kernel_size=(3, 3), stride=(1, 1), padding=(1, 1), bias=False)
              (bn1): BatchNorm2d(96, eps=1e-05, momentum=0.1, affine=True, track_running_stats=True)
              (relu): ReLU()
              (relu_in): ReLU(inplace=True)
              (conv2): Conv2d(96, 96, kernel_size=(3, 3), stride=(1, 1), padding=(1, 1), bias=False)
              (bn2): BatchNorm2d(96, eps=1e-05, momentum=0.1, affine=True, track_running_stats=True)
            )
            (1): BasicBlock(
              (conv1): Conv2d(96, 96, kernel_size=(3, 3), stride=(1, 1), padding=(1, 1), bias=False)
              (bn1): BatchNorm2d(96, eps=1e-05, momentum=0.1, affine=True, track_running_stats=True)
              (relu): ReLU()
              (relu_in): ReLU(inplace=True)
              (conv2): Conv2d(96, 96, kernel_size=(3, 3), stride=(1, 1), padding=(1, 1), bias=False)
              (bn2): BatchNorm2d(96, eps=1e-05, momentum=0.1, affine=True, track_running_stats=True)
            )
            (2): BasicBlock(
              (conv1): Conv2d(96, 96, kernel_size=(3, 3), stride=(1, 1), padding=(1, 1), bias=False)
              (bn1): BatchNorm2d(96, eps=1e-05, momentum=0.1, affine=True, track_running_stats=True)
              (relu): ReLU()
              (relu_in): ReLU(inplace=True)
              (conv2): Conv2d(96, 96, kernel_size=(3, 3), stride=(1, 1), padding=(1, 1), bias=False)
              (bn2): BatchNorm2d(96, eps=1e-05, momentum=0.1, affine=True, track_running_stats=True)
            )
            (3): BasicBlock(
              (conv1): Conv2d(96, 96, kernel_size=(3, 3), stride=(1, 1), padding=(1, 1), bias=False)
              (bn1): BatchNorm2d(96, eps=1e-05, momentum=0.1, affine=True, track_running_stats=True)
              (relu): ReLU()
              (relu_in): ReLU(inplace=True)
              (conv2): Conv2d(96, 96, kernel_size=(3, 3), stride=(1, 1), padding=(1, 1), bias=False)
              (bn2): BatchNorm2d(96, eps=1e-05, momentum=0.1, affine=True, track_running_stats=True)
            )
          )
          (2): Sequential(
            (0): BasicBlock(
              (conv1): Conv2d(192, 192, kernel_size=(3, 3), stride=(1, 1), padding=(1, 1), bias=False)
              (bn1): BatchNorm2d(192, eps=1e-05, momentum=0.1, affine=True, track_running_stats=True)
              (relu): ReLU()
              (relu_in): ReLU(inplace=True)
              (conv2): Conv2d(192, 192, kernel_size=(3, 3), stride=(1, 1), padding=(1, 1), bias=False)
              (bn2): BatchNorm2d(192, eps=1e-05, momentum=0.1, affine=True, track_running_stats=True)
            )
            (1): BasicBlock(
              (conv1): Conv2d(192, 192, kernel_size=(3, 3), stride=(1, 1), padding=(1, 1), bias=False)
              (bn1): BatchNorm2d(192, eps=1e-05, momentum=0.1, affine=True, track_running_stats=True)
              (relu): ReLU()
              (relu_in): ReLU(inplace=True)
              (conv2): Conv2d(192, 192, kernel_size=(3, 3), stride=(1, 1), padding=(1, 1), bias=False)
              (bn2): BatchNorm2d(192, eps=1e-05, momentum=0.1, affine=True, track_running_stats=True)
            )
            (2): BasicBlock(
              (conv1): Conv2d(192, 192, kernel_size=(3, 3), stride=(1, 1), padding=(1, 1), bias=False)
              (bn1): BatchNorm2d(192, eps=1e-05, momentum=0.1, affine=True, track_running_stats=True)
              (relu): ReLU()
              (relu_in): ReLU(inplace=True)
              (conv2): Conv2d(192, 192, kernel_size=(3, 3), stride=(1, 1), padding=(1, 1), bias=False)
              (bn2): BatchNorm2d(192, eps=1e-05, momentum=0.1, affine=True, track_running_stats=True)
            )
            (3): BasicBlock(
              (conv1): Conv2d(192, 192, kernel_size=(3, 3), stride=(1, 1), padding=(1, 1), bias=False)
              (bn1): BatchNorm2d(192, eps=1e-05, momentum=0.1, affine=True, track_running_stats=True)
              (relu): ReLU()
              (relu_in): ReLU(inplace=True)
              (conv2): Conv2d(192, 192, kernel_size=(3, 3), stride=(1, 1), padding=(1, 1), bias=False)
              (bn2): BatchNorm2d(192, eps=1e-05, momentum=0.1, affine=True, track_running_stats=True)
            )
          )
        )
        (fuse_layers): ModuleList(
          (0): ModuleList(
            (0): None
            (1): Sequential(
              (0): Conv2d(96, 48, kernel_size=(1, 1), stride=(1, 1), bias=False)
              (1): BatchNorm2d(48, eps=1e-05, momentum=0.1, affine=True, track_running_stats=True)
            )
            (2): Sequential(
              (0): Conv2d(192, 48, kernel_size=(1, 1), stride=(1, 1), bias=False)
              (1): BatchNorm2d(48, eps=1e-05, momentum=0.1, affine=True, track_running_stats=True)
            )
          )
          (1): ModuleList(
            (0): Sequential(
              (0): Sequential(
                (0): Conv2d(48, 96, kernel_size=(3, 3), stride=(2, 2), padding=(1, 1), bias=False)
                (1): BatchNorm2d(96, eps=1e-05, momentum=0.1, affine=True, track_running_stats=True)
              )
            )
            (1): None
            (2): Sequential(
              (0): Conv2d(192, 96, kernel_size=(1, 1), stride=(1, 1), bias=False)
              (1): BatchNorm2d(96, eps=1e-05, momentum=0.1, affine=True, track_running_stats=True)
            )
          )
          (2): ModuleList(
            (0): Sequential(
              (0): Sequential(
                (0): Conv2d(48, 48, kernel_size=(3, 3), stride=(2, 2), padding=(1, 1), bias=False)
                (1): BatchNorm2d(48, eps=1e-05, momentum=0.1, affine=True, track_running_stats=True)
                (2): ReLU()
              )
              (1): Sequential(
                (0): Conv2d(48, 192, kernel_size=(3, 3), stride=(2, 2), padding=(1, 1), bias=False)
                (1): BatchNorm2d(192, eps=1e-05, momentum=0.1, affine=True, track_running_stats=True)
              )
            )
            (1): Sequential(
              (0): Sequential(
                (0): Conv2d(96, 192, kernel_size=(3, 3), stride=(2, 2), padding=(1, 1), bias=False)
                (1): BatchNorm2d(192, eps=1e-05, momentum=0.1, affine=True, track_running_stats=True)
              )
            )
            (2): None
          )
        )
        (relu): ReLU()
      )
    )
    (transition3): ModuleList(
      (0): None
      (1): None
      (2): None
      (3): Sequential(
        (0): Sequential(
          (0): Conv2d(192, 384, kernel_size=(3, 3), stride=(2, 2), padding=(1, 1), bias=False)
          (1): BatchNorm2d(384, eps=1e-05, momentum=0.1, affine=True, track_running_stats=True)
          (2): ReLU()
        )
      )
    )
    (stage4): Sequential(
      (0): HighResolutionModule(
        (branches): ModuleList(
          (0): Sequential(
            (0): BasicBlock(
              (conv1): Conv2d(48, 48, kernel_size=(3, 3), stride=(1, 1), padding=(1, 1), bias=False)
              (bn1): BatchNorm2d(48, eps=1e-05, momentum=0.1, affine=True, track_running_stats=True)
              (relu): ReLU()
              (relu_in): ReLU(inplace=True)
              (conv2): Conv2d(48, 48, kernel_size=(3, 3), stride=(1, 1), padding=(1, 1), bias=False)
              (bn2): BatchNorm2d(48, eps=1e-05, momentum=0.1, affine=True, track_running_stats=True)
            )
            (1): BasicBlock(
              (conv1): Conv2d(48, 48, kernel_size=(3, 3), stride=(1, 1), padding=(1, 1), bias=False)
              (bn1): BatchNorm2d(48, eps=1e-05, momentum=0.1, affine=True, track_running_stats=True)
              (relu): ReLU()
              (relu_in): ReLU(inplace=True)
              (conv2): Conv2d(48, 48, kernel_size=(3, 3), stride=(1, 1), padding=(1, 1), bias=False)
              (bn2): BatchNorm2d(48, eps=1e-05, momentum=0.1, affine=True, track_running_stats=True)
            )
            (2): BasicBlock(
              (conv1): Conv2d(48, 48, kernel_size=(3, 3), stride=(1, 1), padding=(1, 1), bias=False)
              (bn1): BatchNorm2d(48, eps=1e-05, momentum=0.1, affine=True, track_running_stats=True)
              (relu): ReLU()
              (relu_in): ReLU(inplace=True)
              (conv2): Conv2d(48, 48, kernel_size=(3, 3), stride=(1, 1), padding=(1, 1), bias=False)
              (bn2): BatchNorm2d(48, eps=1e-05, momentum=0.1, affine=True, track_running_stats=True)
            )
            (3): BasicBlock(
              (conv1): Conv2d(48, 48, kernel_size=(3, 3), stride=(1, 1), padding=(1, 1), bias=False)
              (bn1): BatchNorm2d(48, eps=1e-05, momentum=0.1, affine=True, track_running_stats=True)
              (relu): ReLU()
              (relu_in): ReLU(inplace=True)
              (conv2): Conv2d(48, 48, kernel_size=(3, 3), stride=(1, 1), padding=(1, 1), bias=False)
              (bn2): BatchNorm2d(48, eps=1e-05, momentum=0.1, affine=True, track_running_stats=True)
            )
          )
          (1): Sequential(
            (0): BasicBlock(
              (conv1): Conv2d(96, 96, kernel_size=(3, 3), stride=(1, 1), padding=(1, 1), bias=False)
              (bn1): BatchNorm2d(96, eps=1e-05, momentum=0.1, affine=True, track_running_stats=True)
              (relu): ReLU()
              (relu_in): ReLU(inplace=True)
              (conv2): Conv2d(96, 96, kernel_size=(3, 3), stride=(1, 1), padding=(1, 1), bias=False)
              (bn2): BatchNorm2d(96, eps=1e-05, momentum=0.1, affine=True, track_running_stats=True)
            )
            (1): BasicBlock(
              (conv1): Conv2d(96, 96, kernel_size=(3, 3), stride=(1, 1), padding=(1, 1), bias=False)
              (bn1): BatchNorm2d(96, eps=1e-05, momentum=0.1, affine=True, track_running_stats=True)
              (relu): ReLU()
              (relu_in): ReLU(inplace=True)
              (conv2): Conv2d(96, 96, kernel_size=(3, 3), stride=(1, 1), padding=(1, 1), bias=False)
              (bn2): BatchNorm2d(96, eps=1e-05, momentum=0.1, affine=True, track_running_stats=True)
            )
            (2): BasicBlock(
              (conv1): Conv2d(96, 96, kernel_size=(3, 3), stride=(1, 1), padding=(1, 1), bias=False)
              (bn1): BatchNorm2d(96, eps=1e-05, momentum=0.1, affine=True, track_running_stats=True)
              (relu): ReLU()
              (relu_in): ReLU(inplace=True)
              (conv2): Conv2d(96, 96, kernel_size=(3, 3), stride=(1, 1), padding=(1, 1), bias=False)
              (bn2): BatchNorm2d(96, eps=1e-05, momentum=0.1, affine=True, track_running_stats=True)
            )
            (3): BasicBlock(
              (conv1): Conv2d(96, 96, kernel_size=(3, 3), stride=(1, 1), padding=(1, 1), bias=False)
              (bn1): BatchNorm2d(96, eps=1e-05, momentum=0.1, affine=True, track_running_stats=True)
              (relu): ReLU()
              (relu_in): ReLU(inplace=True)
              (conv2): Conv2d(96, 96, kernel_size=(3, 3), stride=(1, 1), padding=(1, 1), bias=False)
              (bn2): BatchNorm2d(96, eps=1e-05, momentum=0.1, affine=True, track_running_stats=True)
            )
          )
          (2): Sequential(
            (0): BasicBlock(
              (conv1): Conv2d(192, 192, kernel_size=(3, 3), stride=(1, 1), padding=(1, 1), bias=False)
              (bn1): BatchNorm2d(192, eps=1e-05, momentum=0.1, affine=True, track_running_stats=True)
              (relu): ReLU()
              (relu_in): ReLU(inplace=True)
              (conv2): Conv2d(192, 192, kernel_size=(3, 3), stride=(1, 1), padding=(1, 1), bias=False)
              (bn2): BatchNorm2d(192, eps=1e-05, momentum=0.1, affine=True, track_running_stats=True)
            )
            (1): BasicBlock(
              (conv1): Conv2d(192, 192, kernel_size=(3, 3), stride=(1, 1), padding=(1, 1), bias=False)
              (bn1): BatchNorm2d(192, eps=1e-05, momentum=0.1, affine=True, track_running_stats=True)
              (relu): ReLU()
              (relu_in): ReLU(inplace=True)
              (conv2): Conv2d(192, 192, kernel_size=(3, 3), stride=(1, 1), padding=(1, 1), bias=False)
              (bn2): BatchNorm2d(192, eps=1e-05, momentum=0.1, affine=True, track_running_stats=True)
            )
            (2): BasicBlock(
              (conv1): Conv2d(192, 192, kernel_size=(3, 3), stride=(1, 1), padding=(1, 1), bias=False)
              (bn1): BatchNorm2d(192, eps=1e-05, momentum=0.1, affine=True, track_running_stats=True)
              (relu): ReLU()
              (relu_in): ReLU(inplace=True)
              (conv2): Conv2d(192, 192, kernel_size=(3, 3), stride=(1, 1), padding=(1, 1), bias=False)
              (bn2): BatchNorm2d(192, eps=1e-05, momentum=0.1, affine=True, track_running_stats=True)
            )
            (3): BasicBlock(
              (conv1): Conv2d(192, 192, kernel_size=(3, 3), stride=(1, 1), padding=(1, 1), bias=False)
              (bn1): BatchNorm2d(192, eps=1e-05, momentum=0.1, affine=True, track_running_stats=True)
              (relu): ReLU()
              (relu_in): ReLU(inplace=True)
              (conv2): Conv2d(192, 192, kernel_size=(3, 3), stride=(1, 1), padding=(1, 1), bias=False)
              (bn2): BatchNorm2d(192, eps=1e-05, momentum=0.1, affine=True, track_running_stats=True)
            )
          )
          (3): Sequential(
            (0): BasicBlock(
              (conv1): Conv2d(384, 384, kernel_size=(3, 3), stride=(1, 1), padding=(1, 1), bias=False)
              (bn1): BatchNorm2d(384, eps=1e-05, momentum=0.1, affine=True, track_running_stats=True)
              (relu): ReLU()
              (relu_in): ReLU(inplace=True)
              (conv2): Conv2d(384, 384, kernel_size=(3, 3), stride=(1, 1), padding=(1, 1), bias=False)
              (bn2): BatchNorm2d(384, eps=1e-05, momentum=0.1, affine=True, track_running_stats=True)
            )
            (1): BasicBlock(
              (conv1): Conv2d(384, 384, kernel_size=(3, 3), stride=(1, 1), padding=(1, 1), bias=False)
              (bn1): BatchNorm2d(384, eps=1e-05, momentum=0.1, affine=True, track_running_stats=True)
              (relu): ReLU()
              (relu_in): ReLU(inplace=True)
              (conv2): Conv2d(384, 384, kernel_size=(3, 3), stride=(1, 1), padding=(1, 1), bias=False)
              (bn2): BatchNorm2d(384, eps=1e-05, momentum=0.1, affine=True, track_running_stats=True)
            )
            (2): BasicBlock(
              (conv1): Conv2d(384, 384, kernel_size=(3, 3), stride=(1, 1), padding=(1, 1), bias=False)
              (bn1): BatchNorm2d(384, eps=1e-05, momentum=0.1, affine=True, track_running_stats=True)
              (relu): ReLU()
              (relu_in): ReLU(inplace=True)
              (conv2): Conv2d(384, 384, kernel_size=(3, 3), stride=(1, 1), padding=(1, 1), bias=False)
              (bn2): BatchNorm2d(384, eps=1e-05, momentum=0.1, affine=True, track_running_stats=True)
            )
            (3): BasicBlock(
              (conv1): Conv2d(384, 384, kernel_size=(3, 3), stride=(1, 1), padding=(1, 1), bias=False)
              (bn1): BatchNorm2d(384, eps=1e-05, momentum=0.1, affine=True, track_running_stats=True)
              (relu): ReLU()
              (relu_in): ReLU(inplace=True)
              (conv2): Conv2d(384, 384, kernel_size=(3, 3), stride=(1, 1), padding=(1, 1), bias=False)
              (bn2): BatchNorm2d(384, eps=1e-05, momentum=0.1, affine=True, track_running_stats=True)
            )
          )
        )
        (fuse_layers): ModuleList(
          (0): ModuleList(
            (0): None
            (1): Sequential(
              (0): Conv2d(96, 48, kernel_size=(1, 1), stride=(1, 1), bias=False)
              (1): BatchNorm2d(48, eps=1e-05, momentum=0.1, affine=True, track_running_stats=True)
            )
            (2): Sequential(
              (0): Conv2d(192, 48, kernel_size=(1, 1), stride=(1, 1), bias=False)
              (1): BatchNorm2d(48, eps=1e-05, momentum=0.1, affine=True, track_running_stats=True)
            )
            (3): Sequential(
              (0): Conv2d(384, 48, kernel_size=(1, 1), stride=(1, 1), bias=False)
              (1): BatchNorm2d(48, eps=1e-05, momentum=0.1, affine=True, track_running_stats=True)
            )
          )
          (1): ModuleList(
            (0): Sequential(
              (0): Sequential(
                (0): Conv2d(48, 96, kernel_size=(3, 3), stride=(2, 2), padding=(1, 1), bias=False)
                (1): BatchNorm2d(96, eps=1e-05, momentum=0.1, affine=True, track_running_stats=True)
              )
            )
            (1): None
            (2): Sequential(
              (0): Conv2d(192, 96, kernel_size=(1, 1), stride=(1, 1), bias=False)
              (1): BatchNorm2d(96, eps=1e-05, momentum=0.1, affine=True, track_running_stats=True)
            )
            (3): Sequential(
              (0): Conv2d(384, 96, kernel_size=(1, 1), stride=(1, 1), bias=False)
              (1): BatchNorm2d(96, eps=1e-05, momentum=0.1, affine=True, track_running_stats=True)
            )
          )
          (2): ModuleList(
            (0): Sequential(
              (0): Sequential(
                (0): Conv2d(48, 48, kernel_size=(3, 3), stride=(2, 2), padding=(1, 1), bias=False)
                (1): BatchNorm2d(48, eps=1e-05, momentum=0.1, affine=True, track_running_stats=True)
                (2): ReLU()
              )
              (1): Sequential(
                (0): Conv2d(48, 192, kernel_size=(3, 3), stride=(2, 2), padding=(1, 1), bias=False)
                (1): BatchNorm2d(192, eps=1e-05, momentum=0.1, affine=True, track_running_stats=True)
              )
            )
            (1): Sequential(
              (0): Sequential(
                (0): Conv2d(96, 192, kernel_size=(3, 3), stride=(2, 2), padding=(1, 1), bias=False)
                (1): BatchNorm2d(192, eps=1e-05, momentum=0.1, affine=True, track_running_stats=True)
              )
            )
            (2): None
            (3): Sequential(
              (0): Conv2d(384, 192, kernel_size=(1, 1), stride=(1, 1), bias=False)
              (1): BatchNorm2d(192, eps=1e-05, momentum=0.1, affine=True, track_running_stats=True)
            )
          )
          (3): ModuleList(
            (0): Sequential(
              (0): Sequential(
                (0): Conv2d(48, 48, kernel_size=(3, 3), stride=(2, 2), padding=(1, 1), bias=False)
                (1): BatchNorm2d(48, eps=1e-05, momentum=0.1, affine=True, track_running_stats=True)
                (2): ReLU()
              )
              (1): Sequential(
                (0): Conv2d(48, 48, kernel_size=(3, 3), stride=(2, 2), padding=(1, 1), bias=False)
                (1): BatchNorm2d(48, eps=1e-05, momentum=0.1, affine=True, track_running_stats=True)
                (2): ReLU()
              )
              (2): Sequential(
                (0): Conv2d(48, 384, kernel_size=(3, 3), stride=(2, 2), padding=(1, 1), bias=False)
                (1): BatchNorm2d(384, eps=1e-05, momentum=0.1, affine=True, track_running_stats=True)
              )
            )
            (1): Sequential(
              (0): Sequential(
                (0): Conv2d(96, 96, kernel_size=(3, 3), stride=(2, 2), padding=(1, 1), bias=False)
                (1): BatchNorm2d(96, eps=1e-05, momentum=0.1, affine=True, track_running_stats=True)
                (2): ReLU()
              )
              (1): Sequential(
                (0): Conv2d(96, 384, kernel_size=(3, 3), stride=(2, 2), padding=(1, 1), bias=False)
                (1): BatchNorm2d(384, eps=1e-05, momentum=0.1, affine=True, track_running_stats=True)
              )
            )
            (2): Sequential(
              (0): Sequential(
                (0): Conv2d(192, 384, kernel_size=(3, 3), stride=(2, 2), padding=(1, 1), bias=False)
                (1): BatchNorm2d(384, eps=1e-05, momentum=0.1, affine=True, track_running_stats=True)
              )
            )
            (3): None
          )
        )
        (relu): ReLU()
      )
      (1): HighResolutionModule(
        (branches): ModuleList(
          (0): Sequential(
            (0): BasicBlock(
              (conv1): Conv2d(48, 48, kernel_size=(3, 3), stride=(1, 1), padding=(1, 1), bias=False)
              (bn1): BatchNorm2d(48, eps=1e-05, momentum=0.1, affine=True, track_running_stats=True)
              (relu): ReLU()
              (relu_in): ReLU(inplace=True)
              (conv2): Conv2d(48, 48, kernel_size=(3, 3), stride=(1, 1), padding=(1, 1), bias=False)
              (bn2): BatchNorm2d(48, eps=1e-05, momentum=0.1, affine=True, track_running_stats=True)
            )
            (1): BasicBlock(
              (conv1): Conv2d(48, 48, kernel_size=(3, 3), stride=(1, 1), padding=(1, 1), bias=False)
              (bn1): BatchNorm2d(48, eps=1e-05, momentum=0.1, affine=True, track_running_stats=True)
              (relu): ReLU()
              (relu_in): ReLU(inplace=True)
              (conv2): Conv2d(48, 48, kernel_size=(3, 3), stride=(1, 1), padding=(1, 1), bias=False)
              (bn2): BatchNorm2d(48, eps=1e-05, momentum=0.1, affine=True, track_running_stats=True)
            )
            (2): BasicBlock(
              (conv1): Conv2d(48, 48, kernel_size=(3, 3), stride=(1, 1), padding=(1, 1), bias=False)
              (bn1): BatchNorm2d(48, eps=1e-05, momentum=0.1, affine=True, track_running_stats=True)
              (relu): ReLU()
              (relu_in): ReLU(inplace=True)
              (conv2): Conv2d(48, 48, kernel_size=(3, 3), stride=(1, 1), padding=(1, 1), bias=False)
              (bn2): BatchNorm2d(48, eps=1e-05, momentum=0.1, affine=True, track_running_stats=True)
            )
            (3): BasicBlock(
              (conv1): Conv2d(48, 48, kernel_size=(3, 3), stride=(1, 1), padding=(1, 1), bias=False)
              (bn1): BatchNorm2d(48, eps=1e-05, momentum=0.1, affine=True, track_running_stats=True)
              (relu): ReLU()
              (relu_in): ReLU(inplace=True)
              (conv2): Conv2d(48, 48, kernel_size=(3, 3), stride=(1, 1), padding=(1, 1), bias=False)
              (bn2): BatchNorm2d(48, eps=1e-05, momentum=0.1, affine=True, track_running_stats=True)
            )
          )
          (1): Sequential(
            (0): BasicBlock(
              (conv1): Conv2d(96, 96, kernel_size=(3, 3), stride=(1, 1), padding=(1, 1), bias=False)
              (bn1): BatchNorm2d(96, eps=1e-05, momentum=0.1, affine=True, track_running_stats=True)
              (relu): ReLU()
              (relu_in): ReLU(inplace=True)
              (conv2): Conv2d(96, 96, kernel_size=(3, 3), stride=(1, 1), padding=(1, 1), bias=False)
              (bn2): BatchNorm2d(96, eps=1e-05, momentum=0.1, affine=True, track_running_stats=True)
            )
            (1): BasicBlock(
              (conv1): Conv2d(96, 96, kernel_size=(3, 3), stride=(1, 1), padding=(1, 1), bias=False)
              (bn1): BatchNorm2d(96, eps=1e-05, momentum=0.1, affine=True, track_running_stats=True)
              (relu): ReLU()
              (relu_in): ReLU(inplace=True)
              (conv2): Conv2d(96, 96, kernel_size=(3, 3), stride=(1, 1), padding=(1, 1), bias=False)
              (bn2): BatchNorm2d(96, eps=1e-05, momentum=0.1, affine=True, track_running_stats=True)
            )
            (2): BasicBlock(
              (conv1): Conv2d(96, 96, kernel_size=(3, 3), stride=(1, 1), padding=(1, 1), bias=False)
              (bn1): BatchNorm2d(96, eps=1e-05, momentum=0.1, affine=True, track_running_stats=True)
              (relu): ReLU()
              (relu_in): ReLU(inplace=True)
              (conv2): Conv2d(96, 96, kernel_size=(3, 3), stride=(1, 1), padding=(1, 1), bias=False)
              (bn2): BatchNorm2d(96, eps=1e-05, momentum=0.1, affine=True, track_running_stats=True)
            )
            (3): BasicBlock(
              (conv1): Conv2d(96, 96, kernel_size=(3, 3), stride=(1, 1), padding=(1, 1), bias=False)
              (bn1): BatchNorm2d(96, eps=1e-05, momentum=0.1, affine=True, track_running_stats=True)
              (relu): ReLU()
              (relu_in): ReLU(inplace=True)
              (conv2): Conv2d(96, 96, kernel_size=(3, 3), stride=(1, 1), padding=(1, 1), bias=False)
              (bn2): BatchNorm2d(96, eps=1e-05, momentum=0.1, affine=True, track_running_stats=True)
            )
          )
          (2): Sequential(
            (0): BasicBlock(
              (conv1): Conv2d(192, 192, kernel_size=(3, 3), stride=(1, 1), padding=(1, 1), bias=False)
              (bn1): BatchNorm2d(192, eps=1e-05, momentum=0.1, affine=True, track_running_stats=True)
              (relu): ReLU()
              (relu_in): ReLU(inplace=True)
              (conv2): Conv2d(192, 192, kernel_size=(3, 3), stride=(1, 1), padding=(1, 1), bias=False)
              (bn2): BatchNorm2d(192, eps=1e-05, momentum=0.1, affine=True, track_running_stats=True)
            )
            (1): BasicBlock(
              (conv1): Conv2d(192, 192, kernel_size=(3, 3), stride=(1, 1), padding=(1, 1), bias=False)
              (bn1): BatchNorm2d(192, eps=1e-05, momentum=0.1, affine=True, track_running_stats=True)
              (relu): ReLU()
              (relu_in): ReLU(inplace=True)
              (conv2): Conv2d(192, 192, kernel_size=(3, 3), stride=(1, 1), padding=(1, 1), bias=False)
              (bn2): BatchNorm2d(192, eps=1e-05, momentum=0.1, affine=True, track_running_stats=True)
            )
            (2): BasicBlock(
              (conv1): Conv2d(192, 192, kernel_size=(3, 3), stride=(1, 1), padding=(1, 1), bias=False)
              (bn1): BatchNorm2d(192, eps=1e-05, momentum=0.1, affine=True, track_running_stats=True)
              (relu): ReLU()
              (relu_in): ReLU(inplace=True)
              (conv2): Conv2d(192, 192, kernel_size=(3, 3), stride=(1, 1), padding=(1, 1), bias=False)
              (bn2): BatchNorm2d(192, eps=1e-05, momentum=0.1, affine=True, track_running_stats=True)
            )
            (3): BasicBlock(
              (conv1): Conv2d(192, 192, kernel_size=(3, 3), stride=(1, 1), padding=(1, 1), bias=False)
              (bn1): BatchNorm2d(192, eps=1e-05, momentum=0.1, affine=True, track_running_stats=True)
              (relu): ReLU()
              (relu_in): ReLU(inplace=True)
              (conv2): Conv2d(192, 192, kernel_size=(3, 3), stride=(1, 1), padding=(1, 1), bias=False)
              (bn2): BatchNorm2d(192, eps=1e-05, momentum=0.1, affine=True, track_running_stats=True)
            )
          )
          (3): Sequential(
            (0): BasicBlock(
              (conv1): Conv2d(384, 384, kernel_size=(3, 3), stride=(1, 1), padding=(1, 1), bias=False)
              (bn1): BatchNorm2d(384, eps=1e-05, momentum=0.1, affine=True, track_running_stats=True)
              (relu): ReLU()
              (relu_in): ReLU(inplace=True)
              (conv2): Conv2d(384, 384, kernel_size=(3, 3), stride=(1, 1), padding=(1, 1), bias=False)
              (bn2): BatchNorm2d(384, eps=1e-05, momentum=0.1, affine=True, track_running_stats=True)
            )
            (1): BasicBlock(
              (conv1): Conv2d(384, 384, kernel_size=(3, 3), stride=(1, 1), padding=(1, 1), bias=False)
              (bn1): BatchNorm2d(384, eps=1e-05, momentum=0.1, affine=True, track_running_stats=True)
              (relu): ReLU()
              (relu_in): ReLU(inplace=True)
              (conv2): Conv2d(384, 384, kernel_size=(3, 3), stride=(1, 1), padding=(1, 1), bias=False)
              (bn2): BatchNorm2d(384, eps=1e-05, momentum=0.1, affine=True, track_running_stats=True)
            )
            (2): BasicBlock(
              (conv1): Conv2d(384, 384, kernel_size=(3, 3), stride=(1, 1), padding=(1, 1), bias=False)
              (bn1): BatchNorm2d(384, eps=1e-05, momentum=0.1, affine=True, track_running_stats=True)
              (relu): ReLU()
              (relu_in): ReLU(inplace=True)
              (conv2): Conv2d(384, 384, kernel_size=(3, 3), stride=(1, 1), padding=(1, 1), bias=False)
              (bn2): BatchNorm2d(384, eps=1e-05, momentum=0.1, affine=True, track_running_stats=True)
            )
            (3): BasicBlock(
              (conv1): Conv2d(384, 384, kernel_size=(3, 3), stride=(1, 1), padding=(1, 1), bias=False)
              (bn1): BatchNorm2d(384, eps=1e-05, momentum=0.1, affine=True, track_running_stats=True)
              (relu): ReLU()
              (relu_in): ReLU(inplace=True)
              (conv2): Conv2d(384, 384, kernel_size=(3, 3), stride=(1, 1), padding=(1, 1), bias=False)
              (bn2): BatchNorm2d(384, eps=1e-05, momentum=0.1, affine=True, track_running_stats=True)
            )
          )
        )
        (fuse_layers): ModuleList(
          (0): ModuleList(
            (0): None
            (1): Sequential(
              (0): Conv2d(96, 48, kernel_size=(1, 1), stride=(1, 1), bias=False)
              (1): BatchNorm2d(48, eps=1e-05, momentum=0.1, affine=True, track_running_stats=True)
            )
            (2): Sequential(
              (0): Conv2d(192, 48, kernel_size=(1, 1), stride=(1, 1), bias=False)
              (1): BatchNorm2d(48, eps=1e-05, momentum=0.1, affine=True, track_running_stats=True)
            )
            (3): Sequential(
              (0): Conv2d(384, 48, kernel_size=(1, 1), stride=(1, 1), bias=False)
              (1): BatchNorm2d(48, eps=1e-05, momentum=0.1, affine=True, track_running_stats=True)
            )
          )
          (1): ModuleList(
            (0): Sequential(
              (0): Sequential(
                (0): Conv2d(48, 96, kernel_size=(3, 3), stride=(2, 2), padding=(1, 1), bias=False)
                (1): BatchNorm2d(96, eps=1e-05, momentum=0.1, affine=True, track_running_stats=True)
              )
            )
            (1): None
            (2): Sequential(
              (0): Conv2d(192, 96, kernel_size=(1, 1), stride=(1, 1), bias=False)
              (1): BatchNorm2d(96, eps=1e-05, momentum=0.1, affine=True, track_running_stats=True)
            )
            (3): Sequential(
              (0): Conv2d(384, 96, kernel_size=(1, 1), stride=(1, 1), bias=False)
              (1): BatchNorm2d(96, eps=1e-05, momentum=0.1, affine=True, track_running_stats=True)
            )
          )
          (2): ModuleList(
            (0): Sequential(
              (0): Sequential(
                (0): Conv2d(48, 48, kernel_size=(3, 3), stride=(2, 2), padding=(1, 1), bias=False)
                (1): BatchNorm2d(48, eps=1e-05, momentum=0.1, affine=True, track_running_stats=True)
                (2): ReLU()
              )
              (1): Sequential(
                (0): Conv2d(48, 192, kernel_size=(3, 3), stride=(2, 2), padding=(1, 1), bias=False)
                (1): BatchNorm2d(192, eps=1e-05, momentum=0.1, affine=True, track_running_stats=True)
              )
            )
            (1): Sequential(
              (0): Sequential(
                (0): Conv2d(96, 192, kernel_size=(3, 3), stride=(2, 2), padding=(1, 1), bias=False)
                (1): BatchNorm2d(192, eps=1e-05, momentum=0.1, affine=True, track_running_stats=True)
              )
            )
            (2): None
            (3): Sequential(
              (0): Conv2d(384, 192, kernel_size=(1, 1), stride=(1, 1), bias=False)
              (1): BatchNorm2d(192, eps=1e-05, momentum=0.1, affine=True, track_running_stats=True)
            )
          )
          (3): ModuleList(
            (0): Sequential(
              (0): Sequential(
                (0): Conv2d(48, 48, kernel_size=(3, 3), stride=(2, 2), padding=(1, 1), bias=False)
                (1): BatchNorm2d(48, eps=1e-05, momentum=0.1, affine=True, track_running_stats=True)
                (2): ReLU()
              )
              (1): Sequential(
                (0): Conv2d(48, 48, kernel_size=(3, 3), stride=(2, 2), padding=(1, 1), bias=False)
                (1): BatchNorm2d(48, eps=1e-05, momentum=0.1, affine=True, track_running_stats=True)
                (2): ReLU()
              )
              (2): Sequential(
                (0): Conv2d(48, 384, kernel_size=(3, 3), stride=(2, 2), padding=(1, 1), bias=False)
                (1): BatchNorm2d(384, eps=1e-05, momentum=0.1, affine=True, track_running_stats=True)
              )
            )
            (1): Sequential(
              (0): Sequential(
                (0): Conv2d(96, 96, kernel_size=(3, 3), stride=(2, 2), padding=(1, 1), bias=False)
                (1): BatchNorm2d(96, eps=1e-05, momentum=0.1, affine=True, track_running_stats=True)
                (2): ReLU()
              )
              (1): Sequential(
                (0): Conv2d(96, 384, kernel_size=(3, 3), stride=(2, 2), padding=(1, 1), bias=False)
                (1): BatchNorm2d(384, eps=1e-05, momentum=0.1, affine=True, track_running_stats=True)
              )
            )
            (2): Sequential(
              (0): Sequential(
                (0): Conv2d(192, 384, kernel_size=(3, 3), stride=(2, 2), padding=(1, 1), bias=False)
                (1): BatchNorm2d(384, eps=1e-05, momentum=0.1, affine=True, track_running_stats=True)
              )
            )
            (3): None
          )
        )
        (relu): ReLU()
      )
      (2): HighResolutionModule(
        (branches): ModuleList(
          (0): Sequential(
            (0): BasicBlock(
              (conv1): Conv2d(48, 48, kernel_size=(3, 3), stride=(1, 1), padding=(1, 1), bias=False)
              (bn1): BatchNorm2d(48, eps=1e-05, momentum=0.1, affine=True, track_running_stats=True)
              (relu): ReLU()
              (relu_in): ReLU(inplace=True)
              (conv2): Conv2d(48, 48, kernel_size=(3, 3), stride=(1, 1), padding=(1, 1), bias=False)
              (bn2): BatchNorm2d(48, eps=1e-05, momentum=0.1, affine=True, track_running_stats=True)
            )
            (1): BasicBlock(
              (conv1): Conv2d(48, 48, kernel_size=(3, 3), stride=(1, 1), padding=(1, 1), bias=False)
              (bn1): BatchNorm2d(48, eps=1e-05, momentum=0.1, affine=True, track_running_stats=True)
              (relu): ReLU()
              (relu_in): ReLU(inplace=True)
              (conv2): Conv2d(48, 48, kernel_size=(3, 3), stride=(1, 1), padding=(1, 1), bias=False)
              (bn2): BatchNorm2d(48, eps=1e-05, momentum=0.1, affine=True, track_running_stats=True)
            )
            (2): BasicBlock(
              (conv1): Conv2d(48, 48, kernel_size=(3, 3), stride=(1, 1), padding=(1, 1), bias=False)
              (bn1): BatchNorm2d(48, eps=1e-05, momentum=0.1, affine=True, track_running_stats=True)
              (relu): ReLU()
              (relu_in): ReLU(inplace=True)
              (conv2): Conv2d(48, 48, kernel_size=(3, 3), stride=(1, 1), padding=(1, 1), bias=False)
              (bn2): BatchNorm2d(48, eps=1e-05, momentum=0.1, affine=True, track_running_stats=True)
            )
            (3): BasicBlock(
              (conv1): Conv2d(48, 48, kernel_size=(3, 3), stride=(1, 1), padding=(1, 1), bias=False)
              (bn1): BatchNorm2d(48, eps=1e-05, momentum=0.1, affine=True, track_running_stats=True)
              (relu): ReLU()
              (relu_in): ReLU(inplace=True)
              (conv2): Conv2d(48, 48, kernel_size=(3, 3), stride=(1, 1), padding=(1, 1), bias=False)
              (bn2): BatchNorm2d(48, eps=1e-05, momentum=0.1, affine=True, track_running_stats=True)
            )
          )
          (1): Sequential(
            (0): BasicBlock(
              (conv1): Conv2d(96, 96, kernel_size=(3, 3), stride=(1, 1), padding=(1, 1), bias=False)
              (bn1): BatchNorm2d(96, eps=1e-05, momentum=0.1, affine=True, track_running_stats=True)
              (relu): ReLU()
              (relu_in): ReLU(inplace=True)
              (conv2): Conv2d(96, 96, kernel_size=(3, 3), stride=(1, 1), padding=(1, 1), bias=False)
              (bn2): BatchNorm2d(96, eps=1e-05, momentum=0.1, affine=True, track_running_stats=True)
            )
            (1): BasicBlock(
              (conv1): Conv2d(96, 96, kernel_size=(3, 3), stride=(1, 1), padding=(1, 1), bias=False)
              (bn1): BatchNorm2d(96, eps=1e-05, momentum=0.1, affine=True, track_running_stats=True)
              (relu): ReLU()
              (relu_in): ReLU(inplace=True)
              (conv2): Conv2d(96, 96, kernel_size=(3, 3), stride=(1, 1), padding=(1, 1), bias=False)
              (bn2): BatchNorm2d(96, eps=1e-05, momentum=0.1, affine=True, track_running_stats=True)
            )
            (2): BasicBlock(
              (conv1): Conv2d(96, 96, kernel_size=(3, 3), stride=(1, 1), padding=(1, 1), bias=False)
              (bn1): BatchNorm2d(96, eps=1e-05, momentum=0.1, affine=True, track_running_stats=True)
              (relu): ReLU()
              (relu_in): ReLU(inplace=True)
              (conv2): Conv2d(96, 96, kernel_size=(3, 3), stride=(1, 1), padding=(1, 1), bias=False)
              (bn2): BatchNorm2d(96, eps=1e-05, momentum=0.1, affine=True, track_running_stats=True)
            )
            (3): BasicBlock(
              (conv1): Conv2d(96, 96, kernel_size=(3, 3), stride=(1, 1), padding=(1, 1), bias=False)
              (bn1): BatchNorm2d(96, eps=1e-05, momentum=0.1, affine=True, track_running_stats=True)
              (relu): ReLU()
              (relu_in): ReLU(inplace=True)
              (conv2): Conv2d(96, 96, kernel_size=(3, 3), stride=(1, 1), padding=(1, 1), bias=False)
              (bn2): BatchNorm2d(96, eps=1e-05, momentum=0.1, affine=True, track_running_stats=True)
            )
          )
          (2): Sequential(
            (0): BasicBlock(
              (conv1): Conv2d(192, 192, kernel_size=(3, 3), stride=(1, 1), padding=(1, 1), bias=False)
              (bn1): BatchNorm2d(192, eps=1e-05, momentum=0.1, affine=True, track_running_stats=True)
              (relu): ReLU()
              (relu_in): ReLU(inplace=True)
              (conv2): Conv2d(192, 192, kernel_size=(3, 3), stride=(1, 1), padding=(1, 1), bias=False)
              (bn2): BatchNorm2d(192, eps=1e-05, momentum=0.1, affine=True, track_running_stats=True)
            )
            (1): BasicBlock(
              (conv1): Conv2d(192, 192, kernel_size=(3, 3), stride=(1, 1), padding=(1, 1), bias=False)
              (bn1): BatchNorm2d(192, eps=1e-05, momentum=0.1, affine=True, track_running_stats=True)
              (relu): ReLU()
              (relu_in): ReLU(inplace=True)
              (conv2): Conv2d(192, 192, kernel_size=(3, 3), stride=(1, 1), padding=(1, 1), bias=False)
              (bn2): BatchNorm2d(192, eps=1e-05, momentum=0.1, affine=True, track_running_stats=True)
            )
            (2): BasicBlock(
              (conv1): Conv2d(192, 192, kernel_size=(3, 3), stride=(1, 1), padding=(1, 1), bias=False)
              (bn1): BatchNorm2d(192, eps=1e-05, momentum=0.1, affine=True, track_running_stats=True)
              (relu): ReLU()
              (relu_in): ReLU(inplace=True)
              (conv2): Conv2d(192, 192, kernel_size=(3, 3), stride=(1, 1), padding=(1, 1), bias=False)
              (bn2): BatchNorm2d(192, eps=1e-05, momentum=0.1, affine=True, track_running_stats=True)
            )
            (3): BasicBlock(
              (conv1): Conv2d(192, 192, kernel_size=(3, 3), stride=(1, 1), padding=(1, 1), bias=False)
              (bn1): BatchNorm2d(192, eps=1e-05, momentum=0.1, affine=True, track_running_stats=True)
              (relu): ReLU()
              (relu_in): ReLU(inplace=True)
              (conv2): Conv2d(192, 192, kernel_size=(3, 3), stride=(1, 1), padding=(1, 1), bias=False)
              (bn2): BatchNorm2d(192, eps=1e-05, momentum=0.1, affine=True, track_running_stats=True)
            )
          )
          (3): Sequential(
            (0): BasicBlock(
              (conv1): Conv2d(384, 384, kernel_size=(3, 3), stride=(1, 1), padding=(1, 1), bias=False)
              (bn1): BatchNorm2d(384, eps=1e-05, momentum=0.1, affine=True, track_running_stats=True)
              (relu): ReLU()
              (relu_in): ReLU(inplace=True)
              (conv2): Conv2d(384, 384, kernel_size=(3, 3), stride=(1, 1), padding=(1, 1), bias=False)
              (bn2): BatchNorm2d(384, eps=1e-05, momentum=0.1, affine=True, track_running_stats=True)
            )
            (1): BasicBlock(
              (conv1): Conv2d(384, 384, kernel_size=(3, 3), stride=(1, 1), padding=(1, 1), bias=False)
              (bn1): BatchNorm2d(384, eps=1e-05, momentum=0.1, affine=True, track_running_stats=True)
              (relu): ReLU()
              (relu_in): ReLU(inplace=True)
              (conv2): Conv2d(384, 384, kernel_size=(3, 3), stride=(1, 1), padding=(1, 1), bias=False)
              (bn2): BatchNorm2d(384, eps=1e-05, momentum=0.1, affine=True, track_running_stats=True)
            )
            (2): BasicBlock(
              (conv1): Conv2d(384, 384, kernel_size=(3, 3), stride=(1, 1), padding=(1, 1), bias=False)
              (bn1): BatchNorm2d(384, eps=1e-05, momentum=0.1, affine=True, track_running_stats=True)
              (relu): ReLU()
              (relu_in): ReLU(inplace=True)
              (conv2): Conv2d(384, 384, kernel_size=(3, 3), stride=(1, 1), padding=(1, 1), bias=False)
              (bn2): BatchNorm2d(384, eps=1e-05, momentum=0.1, affine=True, track_running_stats=True)
            )
            (3): BasicBlock(
              (conv1): Conv2d(384, 384, kernel_size=(3, 3), stride=(1, 1), padding=(1, 1), bias=False)
              (bn1): BatchNorm2d(384, eps=1e-05, momentum=0.1, affine=True, track_running_stats=True)
              (relu): ReLU()
              (relu_in): ReLU(inplace=True)
              (conv2): Conv2d(384, 384, kernel_size=(3, 3), stride=(1, 1), padding=(1, 1), bias=False)
              (bn2): BatchNorm2d(384, eps=1e-05, momentum=0.1, affine=True, track_running_stats=True)
            )
          )
        )
        (fuse_layers): ModuleList(
          (0): ModuleList(
            (0): None
            (1): Sequential(
              (0): Conv2d(96, 48, kernel_size=(1, 1), stride=(1, 1), bias=False)
              (1): BatchNorm2d(48, eps=1e-05, momentum=0.1, affine=True, track_running_stats=True)
            )
            (2): Sequential(
              (0): Conv2d(192, 48, kernel_size=(1, 1), stride=(1, 1), bias=False)
              (1): BatchNorm2d(48, eps=1e-05, momentum=0.1, affine=True, track_running_stats=True)
            )
            (3): Sequential(
              (0): Conv2d(384, 48, kernel_size=(1, 1), stride=(1, 1), bias=False)
              (1): BatchNorm2d(48, eps=1e-05, momentum=0.1, affine=True, track_running_stats=True)
            )
          )
          (1): ModuleList(
            (0): Sequential(
              (0): Sequential(
                (0): Conv2d(48, 96, kernel_size=(3, 3), stride=(2, 2), padding=(1, 1), bias=False)
                (1): BatchNorm2d(96, eps=1e-05, momentum=0.1, affine=True, track_running_stats=True)
              )
            )
            (1): None
            (2): Sequential(
              (0): Conv2d(192, 96, kernel_size=(1, 1), stride=(1, 1), bias=False)
              (1): BatchNorm2d(96, eps=1e-05, momentum=0.1, affine=True, track_running_stats=True)
            )
            (3): Sequential(
              (0): Conv2d(384, 96, kernel_size=(1, 1), stride=(1, 1), bias=False)
              (1): BatchNorm2d(96, eps=1e-05, momentum=0.1, affine=True, track_running_stats=True)
            )
          )
          (2): ModuleList(
            (0): Sequential(
              (0): Sequential(
                (0): Conv2d(48, 48, kernel_size=(3, 3), stride=(2, 2), padding=(1, 1), bias=False)
                (1): BatchNorm2d(48, eps=1e-05, momentum=0.1, affine=True, track_running_stats=True)
                (2): ReLU()
              )
              (1): Sequential(
                (0): Conv2d(48, 192, kernel_size=(3, 3), stride=(2, 2), padding=(1, 1), bias=False)
                (1): BatchNorm2d(192, eps=1e-05, momentum=0.1, affine=True, track_running_stats=True)
              )
            )
            (1): Sequential(
              (0): Sequential(
                (0): Conv2d(96, 192, kernel_size=(3, 3), stride=(2, 2), padding=(1, 1), bias=False)
                (1): BatchNorm2d(192, eps=1e-05, momentum=0.1, affine=True, track_running_stats=True)
              )
            )
            (2): None
            (3): Sequential(
              (0): Conv2d(384, 192, kernel_size=(1, 1), stride=(1, 1), bias=False)
              (1): BatchNorm2d(192, eps=1e-05, momentum=0.1, affine=True, track_running_stats=True)
            )
          )
          (3): ModuleList(
            (0): Sequential(
              (0): Sequential(
                (0): Conv2d(48, 48, kernel_size=(3, 3), stride=(2, 2), padding=(1, 1), bias=False)
                (1): BatchNorm2d(48, eps=1e-05, momentum=0.1, affine=True, track_running_stats=True)
                (2): ReLU()
              )
              (1): Sequential(
                (0): Conv2d(48, 48, kernel_size=(3, 3), stride=(2, 2), padding=(1, 1), bias=False)
                (1): BatchNorm2d(48, eps=1e-05, momentum=0.1, affine=True, track_running_stats=True)
                (2): ReLU()
              )
              (2): Sequential(
                (0): Conv2d(48, 384, kernel_size=(3, 3), stride=(2, 2), padding=(1, 1), bias=False)
                (1): BatchNorm2d(384, eps=1e-05, momentum=0.1, affine=True, track_running_stats=True)
              )
            )
            (1): Sequential(
              (0): Sequential(
                (0): Conv2d(96, 96, kernel_size=(3, 3), stride=(2, 2), padding=(1, 1), bias=False)
                (1): BatchNorm2d(96, eps=1e-05, momentum=0.1, affine=True, track_running_stats=True)
                (2): ReLU()
              )
              (1): Sequential(
                (0): Conv2d(96, 384, kernel_size=(3, 3), stride=(2, 2), padding=(1, 1), bias=False)
                (1): BatchNorm2d(384, eps=1e-05, momentum=0.1, affine=True, track_running_stats=True)
              )
            )
            (2): Sequential(
              (0): Sequential(
                (0): Conv2d(192, 384, kernel_size=(3, 3), stride=(2, 2), padding=(1, 1), bias=False)
                (1): BatchNorm2d(384, eps=1e-05, momentum=0.1, affine=True, track_running_stats=True)
              )
            )
            (3): None
          )
        )
        (relu): ReLU()
      )
    )
  )
  (cls_head): Sequential(
    (0): Conv2d(720, 720, kernel_size=(3, 3), stride=(1, 1), padding=(1, 1))
    (1): Sequential(
      (0): BatchNorm2d(720, eps=1e-05, momentum=0.1, affine=True, track_running_stats=True)
      (1): ReLU()
    )
    (2): Dropout2d(p=0.1, inplace=False)
    (3): Conv2d(720, 2, kernel_size=(1, 1), stride=(1, 1), bias=False)
  )
)
2023-02-10 15:18:24,884 INFO    [trainer.py, 78] Params Group Method: None
2023-02-10 15:18:24,887 INFO    [optim_scheduler.py, 73] Use lambda_poly policy with default power 0.9
2023-02-10 15:18:24,887 INFO    [data_loader.py, 131] use the DefaultLoader for train...
2023-02-10 15:18:24,888 INFO    [data_loader.py, 164] use DefaultLoader for val ...
2023-02-10 15:18:24,889 INFO    [loss_manager.py, 57] use loss: fs_auxce_loss.
2023-02-10 15:18:24,889 INFO    [main.py, 539] <segmentor.trainer.Trainer object at 0x7ffa3ccdb880>
/home/zach/anaconda3/envs/hrformer/lib/python3.10/site-packages/torch/optim/lr_scheduler.py:138: UserWarning: Detected call of `lr_scheduler.step()` before `optimizer.step()`. In PyTorch 1.1.0 and later, you should call them in the opposite order: `optimizer.step()` before `lr_scheduler.step()`.  Failure to do this will result in PyTorch skipping the first value of the learning rate schedule. See more details at https://pytorch.org/docs/stable/optim.html#how-to-adjust-learning-rate
  warnings.warn("Detected call of `lr_scheduler.step()` before `optimizer.step()`. "
/home/zach/anaconda3/envs/hrformer/lib/python3.10/site-packages/torch/optim/lr_scheduler.py:163: UserWarning: The epoch parameter in `scheduler.step()` was not necessary and is being deprecated where possible. Please use `scheduler.step()` to step the scheduler. During the deprecation, if epoch is different from None, the closed form is used instead of the new chainable form, where available. Please open an issue if you are unable to replicate your use case: https://github.com/pytorch/pytorch/issues/new/choose.
  warnings.warn(EPOCH_DEPRECATION_WARNING, UserWarning)
2023-02-10 15:18:25,556 INFO    [data_helper.py, 126] Input keys: ['img']
2023-02-10 15:18:25,556 INFO    [data_helper.py, 127] Target keys: ['labelmap']
2023-02-10 15:19:17,802 INFO    [trainer.py, 252] Train Epoch: 0	Train Iteration: 10	Time 52.908s / 10iters, (5.291)	Forward Time 18.841s / 10iters, (1.884)	Backward Time 30.433s / 10iters, (3.043)	Loss Time 2.777s / 10iters, (0.278)	Data load 0.856s / 10iters, (0.085608)
Learning rate = [0.0009186228693518994, 0.009186228693518995]	Loss = 0.67250389 (ave = 0.70619240)

2023-02-10 15:19:30,786 INFO    [trainer.py, 252] Train Epoch: 1	Train Iteration: 20	Time 12.794s / 10iters, (1.279)	Forward Time 1.019s / 10iters, (0.102)	Backward Time 9.441s / 10iters, (0.944)	Loss Time 1.609s / 10iters, (0.161)	Data load 0.724s / 10iters, (0.072360)
Learning rate = [0.0008272495069561094, 0.008272495069561094]	Loss = 0.73749995 (ave = 0.73775306)

2023-02-10 15:19:41,122 INFO    [trainer.py, 252] Train Epoch: 2	Train Iteration: 30	Time 10.316s / 10iters, (1.032)	Forward Time 0.956s / 10iters, (0.096)	Backward Time 6.772s / 10iters, (0.677)	Loss Time 2.081s / 10iters, (0.208)	Data load 0.507s / 10iters, (0.050682)
Learning rate = [0.0007347380204625457, 0.007347380204625457]	Loss = 0.73806757 (ave = 0.75043746)

2023-02-10 15:19:54,156 INFO    [trainer.py, 252] Train Epoch: 3	Train Iteration: 40	Time 13.009s / 10iters, (1.301)	Forward Time 0.883s / 10iters, (0.088)	Backward Time 8.264s / 10iters, (0.826)	Loss Time 3.445s / 10iters, (0.345)	Data load 0.416s / 10iters, (0.041618)
Learning rate = [0.0006409097102460521, 0.006409097102460522]	Loss = 0.64179134 (ave = 0.74225501)

2023-02-10 15:20:07,566 INFO    [trainer.py, 252] Train Epoch: 3	Train Iteration: 50	Time 13.410s / 10iters, (1.341)	Forward Time 0.872s / 10iters, (0.087)	Backward Time 5.560s / 10iters, (0.556)	Loss Time 6.859s / 10iters, (0.686)	Data load 0.119s / 10iters, (0.011856)
Learning rate = [0.0005455231164732059, 0.005455231164732058]	Loss = 0.66657400 (ave = 0.79656063)

2023-02-10 15:20:15,609 INFO    [trainer.py, 252] Train Epoch: 4	Train Iteration: 60	Time 8.022s / 10iters, (0.802)	Forward Time 0.883s / 10iters, (0.088)	Backward Time 5.302s / 10iters, (0.530)	Loss Time 1.368s / 10iters, (0.137)	Data load 0.469s / 10iters, (0.046944)
Learning rate = [0.0004482346966214095, 0.004482346966214095]	Loss = 0.65309662 (ave = 0.68948258)

2023-02-10 15:20:23,774 INFO    [trainer.py, 252] Train Epoch: 5	Train Iteration: 70	Time 8.142s / 10iters, (0.814)	Forward Time 0.878s / 10iters, (0.088)	Backward Time 5.397s / 10iters, (0.540)	Loss Time 1.389s / 10iters, (0.139)	Data load 0.477s / 10iters, (0.047714)
Learning rate = [0.0003485182498298004, 0.0034851824982980034]	Loss = 0.76537102 (ave = 0.80205891)

2023-02-10 15:20:31,849 INFO    [trainer.py, 252] Train Epoch: 6	Train Iteration: 80	Time 8.054s / 10iters, (0.805)	Forward Time 0.846s / 10iters, (0.085)	Backward Time 5.364s / 10iters, (0.536)	Loss Time 1.409s / 10iters, (0.141)	Data load 0.435s / 10iters, (0.043501)
Learning rate = [0.00024546940237185757, 0.0024546940237185756]	Loss = 0.53007972 (ave = 0.74611956)

2023-02-10 15:20:39,605 INFO    [trainer.py, 252] Train Epoch: 6	Train Iteration: 90	Time 7.756s / 10iters, (0.776)	Forward Time 0.803s / 10iters, (0.080)	Backward Time 5.402s / 10iters, (0.540)	Loss Time 1.438s / 10iters, (0.144)	Data load 0.113s / 10iters, (0.011263)
Learning rate = [0.0001371681927451782, 0.0013716819274517819]	Loss = 0.55548579 (ave = 0.72355458)

2023-02-10 15:20:47,654 INFO    [trainer.py, 252] Train Epoch: 7	Train Iteration: 100	Time 8.029s / 10iters, (0.803)	Forward Time 0.875s / 10iters, (0.087)	Backward Time 5.335s / 10iters, (0.533)	Loss Time 1.359s / 10iters, (0.136)	Data load 0.461s / 10iters, (0.046067)
Learning rate = [1.5848931924611145e-05, 0.00015848931924611145]	Loss = 0.92017895 (ave = 0.73008927)

2023-02-10 15:20:47,673 INFO    [data_loader.py, 164] use DefaultLoader for val ...
2023-02-10 15:20:47,926 INFO    [trainer.py, 320] 0 images processed

2023-02-10 15:20:54,599 INFO    [trainer.py, 320] 10 images processed

2023-02-10 15:20:55,890 INFO    [base.py, 84] Performance 0.0 -> 0.043316648652759804
2023-02-10 15:20:58,781 INFO    [trainer.py, 428] Test Time 8.173s, (0.629)	Loss 0.70573456

2023-02-10 15:20:58,781 INFO    [base.py, 33] Result for seg
2023-02-10 15:20:58,781 INFO    [base.py, 49] Mean IOU: 0.043316648652759804

2023-02-10 15:20:58,781 INFO    [base.py, 50] Pixel ACC: 0.08319506278404823

2023-02-10 15:20:58,781 INFO    [base.py, 53] F1 Score: 0.06619080120549065 Precision: 0.9996795063494983 Recall: 0.03422857208212734

